<?xml version="1.0" encoding="UTF-8" ?>
<testsuite failures="1" time="38.856" errors="0" skipped="0" tests="7" name="com.qsoft.TicTacToe.TicTacToeTest">
  <properties>
    <property name="java.runtime.name" value="Java(TM) SE Runtime Environment"/>
    <property name="sun.boot.library.path" value="C:\Program Files (x86)\Java\jdk1.6.0_43\jre\bin"/>
    <property name="java.vm.version" value="20.14-b01"/>
    <property name="java.vm.vendor" value="Sun Microsystems Inc."/>
    <property name="java.vendor.url" value="http://java.sun.com/"/>
    <property name="path.separator" value=";"/>
    <property name="guice.disable.misplaced.annotation.check" value="true"/>
    <property name="java.vm.name" value="Java HotSpot(TM) Client VM"/>
    <property name="file.encoding.pkg" value="sun.io"/>
    <property name="idea.launcher.port" value="7554"/>
    <property name="user.country" value="US"/>
    <property name="sun.java.launcher" value="SUN_STANDARD"/>
    <property name="sun.os.patch.level" value=""/>
    <property name="java.vm.specification.name" value="Java Virtual Machine Specification"/>
    <property name="user.dir" value="C:\Users\khiemnt\Desktop\tictactoe1508\Kata5-team-1--master\TicTacToeTest_11"/>
    <property name="java.runtime.version" value="1.6.0_43-b01"/>
    <property name="java.awt.graphicsenv" value="sun.awt.Win32GraphicsEnvironment"/>
    <property name="java.endorsed.dirs" value="C:\Program Files (x86)\Java\jdk1.6.0_43\jre\lib\endorsed"/>
    <property name="os.arch" value="x86"/>
    <property name="java.io.tmpdir" value="C:\Users\khiemnt\AppData\Local\Temp\"/>
    <property name="line.separator" value="
"/>
    <property name="java.vm.specification.vendor" value="Sun Microsystems Inc."/>
    <property name="user.variant" value=""/>
    <property name="os.name" value="Windows 7"/>
    <property name="classworlds.conf" value="C:\apache-maven-3.0.5\bin\m2.conf"/>
    <property name="sun.jnu.encoding" value="Cp1252"/>
    <property name="java.library.path" value="C:\Program Files (x86)\Java\jdk1.6.0_43\bin;C:\Windows\Sun\Java\bin;C:\Windows\system32;C:\Windows;C:\Program Files (x86)\JetBrains\IntelliJ IDEA 12.0.2\bin\..\.\bin;C:\Program Files (x86)\Intel\iCLS Client\;C:\Program Files\Intel\iCLS Client\;C:\Windows\system32;C:\Windows;C:\Windows\System32\Wbem;C:\Windows\System32\WindowsPowerShell\v1.0\;C:\Program Files (x86)\Intel\OpenCL SDK\2.0\bin\x86;C:\Program Files (x86)\Intel\OpenCL SDK\2.0\bin\x64;C:\Program Files\Intel\Intel(R) Management Engine Components\DAL;C:\Program Files\Intel\Intel(R) Management Engine Components\IPT;C:\Program Files (x86)\Intel\Intel(R) Management Engine Components\DAL;C:\Program Files (x86)\Intel\Intel(R) Management Engine Components\IPT;C:\Program Files\TortoiseSVN\bin;C:\Program Files (x86)\Java\jdk1.6.0_43\bin;C:\apache-maven-3.0.5\bin;C:\apache-tomcat-6.0.37\bin;C:\Program Files (x86)\Java\jdk1.6.0_43\bin;C:\apache-maven-3.0.5\bin;C:\apache-tomcat-6.0.37\bin;C:\apache-servicemix-4.5.1\bin;C:\AppServ\Apache2.2\bin;C:\AppServ\php5;C:\AppServ\MySQL\bin;c:\program files (x86)\jetbrains\intellij idea 12.0.2\jre\jre\bin;."/>
    <property name="java.specification.name" value="Java Platform API Specification"/>
    <property name="java.class.version" value="50.0"/>
    <property name="sun.management.compiler" value="HotSpot Client Compiler"/>
    <property name="os.version" value="6.1"/>
    <property name="user.home" value="C:\Users\khiemnt"/>
    <property name="user.timezone" value="Asia/Bangkok"/>
    <property name="java.awt.printerjob" value="sun.awt.windows.WPrinterJob"/>
    <property name="java.specification.version" value="1.6"/>
    <property name="file.encoding" value="UTF-8"/>
    <property name="idea.launcher.bin.path" value="C:\Program Files (x86)\JetBrains\IntelliJ IDEA 12.0.2\bin"/>
    <property name="user.name" value="khiemnt"/>
    <property name="java.class.path" value="C:\apache-maven-3.0.5\boot\plexus-classworlds-2.4.jar;C:\Program Files (x86)\JetBrains\IntelliJ IDEA 12.0.2\lib\idea_rt.jar"/>
    <property name="java.vm.specification.version" value="1.0"/>
    <property name="sun.arch.data.model" value="32"/>
    <property name="java.home" value="C:\Program Files (x86)\Java\jdk1.6.0_43\jre"/>
    <property name="sun.java.command" value="com.intellij.rt.execution.application.AppMain org.codehaus.classworlds.Launcher --no-plugin-registry --fail-fast --strict-checksums --update-snapshots install"/>
    <property name="java.specification.vendor" value="Sun Microsystems Inc."/>
    <property name="user.language" value="en"/>
    <property name="awt.toolkit" value="sun.awt.windows.WToolkit"/>
    <property name="java.vm.info" value="mixed mode, sharing"/>
    <property name="java.version" value="1.6.0_43"/>
    <property name="java.ext.dirs" value="C:\Program Files (x86)\Java\jdk1.6.0_43\jre\lib\ext;C:\Windows\Sun\Java\lib\ext"/>
    <property name="sun.boot.class.path" value="C:\Program Files (x86)\Java\jdk1.6.0_43\jre\lib\resources.jar;C:\Program Files (x86)\Java\jdk1.6.0_43\jre\lib\rt.jar;C:\Program Files (x86)\Java\jdk1.6.0_43\jre\lib\sunrsasign.jar;C:\Program Files (x86)\Java\jdk1.6.0_43\jre\lib\jsse.jar;C:\Program Files (x86)\Java\jdk1.6.0_43\jre\lib\jce.jar;C:\Program Files (x86)\Java\jdk1.6.0_43\jre\lib\charsets.jar;C:\Program Files (x86)\Java\jdk1.6.0_43\jre\lib\modules\jdk.boot.jar;C:\Program Files (x86)\Java\jdk1.6.0_43\jre\classes"/>
    <property name="java.vendor" value="Sun Microsystems Inc."/>
    <property name="maven.home" value="C:\apache-maven-3.0.5"/>
    <property name="file.separator" value="\"/>
    <property name="java.vendor.url.bug" value="http://java.sun.com/cgi-bin/bugreport.cgi"/>
    <property name="sun.cpu.endian" value="little"/>
    <property name="sun.io.unicode.encoding" value="UnicodeLittle"/>
    <property name="sun.desktop" value="windows"/>
    <property name="sun.cpu.isalist" value="pentium_pro+mmx pentium_pro pentium+mmx pentium i486 i386 i86"/>
  </properties>
  <testcase time="3.187" classname="com.qsoft.TicTacToe.TicTacToeTest" name="testJustStartAndStopGame"/>
  <testcase time="5.021" classname="com.qsoft.TicTacToe.TicTacToeTest" name="testStartDoSomeThingAndStop"/>
  <testcase time="7.157" classname="com.qsoft.TicTacToe.TicTacToeTest" name="testPlayAllMatch"/>
  <testcase time="5.116" classname="com.qsoft.TicTacToe.TicTacToeTest" name="testDoSomeThingAndTheWinnerIsX"/>
  <testcase time="5.847" classname="com.qsoft.TicTacToe.TicTacToeTest" name="testDoSomeThingAndTheWinnerIsO"/>
  <testcase time="5.82" classname="com.qsoft.TicTacToe.TicTacToeTest" name="testResetUIAfterClickingStartButton"/>
  <testcase time="6.682" classname="com.qsoft.TicTacToe.TicTacToeTest" name="testShowHistory">
    <failure message="
Tried to find:
    exactly 1 JTable ()
    in exactly 1 JFrame (with name &quot;TicTacToeMain&quot; and showing on screen)
    in all top level windows
and check that it is with row with cells with text &quot;1&quot;, with text &quot;&quot;, with text &quot;1-2,2-2,1-3,2-3,&quot;
but:
    all top level windows
    contained 1 JFrame (with name &quot;TicTacToeMain&quot; and showing on screen)
    contained 1 JTable ()
   it is not with row with cells with text &quot;1&quot;, with text &quot;&quot;, with text &quot;1-2,2-2,1-3,2-3,&quot;" type="java.lang.AssertionError">java.lang.AssertionError: 
Tried to find:
    exactly 1 JTable ()
    in exactly 1 JFrame (with name &quot;TicTacToeMain&quot; and showing on screen)
    in all top level windows
and check that it is with row with cells with text &quot;1&quot;, with text &quot;&quot;, with text &quot;1-2,2-2,1-3,2-3,&quot;
but:
    all top level windows
    contained 1 JFrame (with name &quot;TicTacToeMain&quot; and showing on screen)
    contained 1 JTable ()
   it is not with row with cells with text &quot;1&quot;, with text &quot;&quot;, with text &quot;1-2,2-2,1-3,2-3,&quot;
	at com.objogate.wl.PollingProber.check(PollingProber.java:38)
	at com.objogate.wl.swing.driver.ComponentDriver.check(ComponentDriver.java:62)
	at com.objogate.wl.swing.driver.ComponentDriver.is(ComponentDriver.java:115)
	at com.objogate.wl.swing.driver.JTableDriver.hasRow(JTableDriver.java:107)
	at com.qsoft.TicTacToe.TicTacToeUIDriver.hasHistoryTable(TicTacToeUIDriver.java:70)
	at com.qsoft.TicTacToe.ApplicationRunner.hasHistoryTableInUI(ApplicationRunner.java:160)
	at com.qsoft.TicTacToe.TicTacToeTest.testShowHistory(TicTacToeTest.java:83)
	at sun.reflect.NativeMethodAccessorImpl.invoke0(Native Method)
	at sun.reflect.NativeMethodAccessorImpl.invoke(NativeMethodAccessorImpl.java:39)
	at sun.reflect.DelegatingMethodAccessorImpl.invoke(DelegatingMethodAccessorImpl.java:25)
	at java.lang.reflect.Method.invoke(Method.java:597)
	at org.junit.runners.model.FrameworkMethod$1.runReflectiveCall(FrameworkMethod.java:44)
	at org.junit.internal.runners.model.ReflectiveCallable.run(ReflectiveCallable.java:15)
	at org.junit.runners.model.FrameworkMethod.invokeExplosively(FrameworkMethod.java:41)
	at org.junit.internal.runners.statements.InvokeMethod.evaluate(InvokeMethod.java:20)
	at org.junit.internal.runners.statements.RunBefores.evaluate(RunBefores.java:28)
	at org.junit.internal.runners.statements.RunAfters.evaluate(RunAfters.java:31)
	at org.junit.runners.BlockJUnit4ClassRunner.runChild(BlockJUnit4ClassRunner.java:76)
	at org.junit.runners.BlockJUnit4ClassRunner.runChild(BlockJUnit4ClassRunner.java:50)
	at org.junit.runners.ParentRunner$3.run(ParentRunner.java:193)
	at org.junit.runners.ParentRunner$1.schedule(ParentRunner.java:52)
	at org.junit.runners.ParentRunner.runChildren(ParentRunner.java:191)
	at org.junit.runners.ParentRunner.access$000(ParentRunner.java:42)
	at org.junit.runners.ParentRunner$2.evaluate(ParentRunner.java:184)
	at org.junit.runners.ParentRunner.run(ParentRunner.java:236)
	at org.apache.maven.surefire.junit4.JUnit4TestSet.execute(JUnit4TestSet.java:53)
	at org.apache.maven.surefire.junit4.JUnit4Provider.executeTestSet(JUnit4Provider.java:123)
	at org.apache.maven.surefire.junit4.JUnit4Provider.invoke(JUnit4Provider.java:104)
	at sun.reflect.NativeMethodAccessorImpl.invoke0(Native Method)
	at sun.reflect.NativeMethodAccessorImpl.invoke(NativeMethodAccessorImpl.java:39)
	at sun.reflect.DelegatingMethodAccessorImpl.invoke(DelegatingMethodAccessorImpl.java:25)
	at java.lang.reflect.Method.invoke(Method.java:597)
	at org.apache.maven.surefire.util.ReflectionUtils.invokeMethodWithArray(ReflectionUtils.java:164)
	at org.apache.maven.surefire.booter.ProviderFactory$ProviderProxy.invoke(ProviderFactory.java:110)
	at org.apache.maven.surefire.booter.SurefireStarter.invokeProvider(SurefireStarter.java:175)
	at org.apache.maven.surefire.booter.SurefireStarter.runSuitesInProcessWhenForked(SurefireStarter.java:107)
	at org.apache.maven.surefire.booter.ForkedBooter.main(ForkedBooter.java:68)
</failure>
  </testcase>
</testsuite>